<?xml version="1.0" encoding="UTF-8"?>
<!-- Generated by org.testng.reporters.JUnitReportReporter -->
<testsuite hostname="DESKTOP-UA31QE0" failures="0" tests="2" name="testcases.LoginTests" time="4.701" errors="0" timestamp="2025-04-06T15:01:25 EET" skipped="0">
  <testcase classname="testcases.LoginTests" name="testValidUserLogin" time="1.204"/>
  <testcase classname="testcases.LoginTests" name="testInvalidUserLogin" time="3.497"/>
</testsuite> <!-- testcases.LoginTests -->
