<?xml version="1.0" encoding="UTF-8"?>
<!-- Generated by org.testng.reporters.JUnitReportReporter -->
<testsuite hostname="DESKTOP-UA31QE0" failures="0" tests="2" name="testcases.LoginTests" time="1.268" errors="0" timestamp="2025-04-06T15:20:23 EET" skipped="0">
  <testcase classname="testcases.LoginTests" name="testInvalidUserLogin" time="0.876"/>
  <testcase classname="testcases.LoginTests" name="testValidUserLogin" time="0.392"/>
</testsuite> <!-- testcases.LoginTests -->
