<?xml version="1.0" encoding="UTF-8"?>
<!-- Generated by org.testng.reporters.JUnitReportReporter -->
<testsuite hostname="DESKTOP-UA31QE0" failures="0" tests="10" name="testcases.ProductTests" time="7.710" errors="0" timestamp="2025-04-05T17:05:22 EET" skipped="0">
  <testcase classname="testcases.ProductTests" name="testGetLimitedProducts" time="0.268"/>
  <testcase classname="testcases.ProductTests" name="testDeleteProduct" time="0.403"/>
  <testcase classname="testcases.ProductTests" name="testGetAllCategories" time="0.264"/>
  <testcase classname="testcases.ProductTests" name="testGetAllProducts" time="0.282"/>
  <testcase classname="testcases.ProductTests" name="testUpdateProduct" time="0.351"/>
  <testcase classname="testcases.ProductTests" name="testGetSortedProductsAsc" time="0.305"/>
  <testcase classname="testcases.ProductTests" name="testGetProductsByCategory" time="0.470"/>
  <testcase classname="testcases.ProductTests" name="testAddNewProduct" time="4.825"/>
  <testcase classname="testcases.ProductTests" name="testGetSingleProductById" time="0.265"/>
  <testcase classname="testcases.ProductTests" name="testGetSortedProducts" time="0.277"/>
</testsuite> <!-- testcases.ProductTests -->
