<?xml version="1.0" encoding="UTF-8"?>
<!-- Generated by org.testng.reporters.JUnitReportReporter -->
<testsuite hostname="DESKTOP-UA31QE0" failures="0" tests="1" name="testcases.CartTests" time="4.301" errors="0" timestamp="2025-04-05T20:54:08 EET" skipped="0">
  <testcase classname="testcases.CartTests" name="testGetCartsByDateRange" time="4.301"/>
</testsuite> <!-- testcases.CartTests -->
