<?xml version="1.0" encoding="UTF-8"?>
<!-- Generated by org.testng.reporters.JUnitReportReporter -->
<testsuite hostname="DESKTOP-UA31QE0" failures="0" tests="5" name="testcases.ProductDataDrivenTest" time="6.869" errors="0" timestamp="2025-04-04T16:39:40 EET" skipped="0">
  <testcase classname="testcases.ProductDataDrivenTest" name="testAddNewProduct" time="0.913"/>
  <testcase classname="testcases.ProductDataDrivenTest" name="testAddNewProduct" time="0.588"/>
  <testcase classname="testcases.ProductDataDrivenTest" name="testAddNewProduct" time="0.730"/>
  <testcase classname="testcases.ProductDataDrivenTest" name="testAddNewProduct" time="4.066"/>
  <testcase classname="testcases.ProductDataDrivenTest" name="testAddNewProduct" time="0.572"/>
</testsuite> <!-- testcases.ProductDataDrivenTest -->
