<?xml version="1.0" encoding="UTF-8"?>
<!-- Generated by org.testng.reporters.JUnitReportReporter -->
<testsuite hostname="DESKTOP-UA31QE0" failures="0" tests="10" name="testcases.ProductTests" time="5.795" errors="0" timestamp="2025-04-04T15:17:57 EET" skipped="0">
  <testcase classname="testcases.ProductTests" name="testDeleteProduct" time="0.447"/>
  <testcase classname="testcases.ProductTests" name="testGetLimitedProducts" time="0.314"/>
  <testcase classname="testcases.ProductTests" name="testGetAllProducts" time="0.355"/>
  <testcase classname="testcases.ProductTests" name="testGetSortedProductsAsc" time="0.293"/>
  <testcase classname="testcases.ProductTests" name="testGetSortedProducts" time="0.257"/>
  <testcase classname="testcases.ProductTests" name="testUpdateProduct" time="0.248"/>
  <testcase classname="testcases.ProductTests" name="testGetAllCategories" time="0.323"/>
  <testcase classname="testcases.ProductTests" name="testAddNewProduct" time="2.878"/>
  <testcase classname="testcases.ProductTests" name="testGetProductsByCategory" time="0.432"/>
  <testcase classname="testcases.ProductTests" name="testGetSingleProductById" time="0.248"/>
</testsuite> <!-- testcases.ProductTests -->
