<?xml version="1.0" encoding="UTF-8"?>
<!-- Generated by org.testng.reporters.JUnitReportReporter -->
<testsuite hostname="DESKTOP-UA31QE0" failures="0" tests="1" name="testcases.ProductTests" time="2.590" errors="0" timestamp="2025-04-04T13:54:34 EET" skipped="0">
  <testcase classname="testcases.ProductTests" name="testGetLimitedProducts" time="2.590"/>
</testsuite> <!-- testcases.ProductTests -->
