<?xml version="1.0" encoding="UTF-8"?>
<!-- Generated by org.testng.reporters.JUnitReportReporter -->
<testsuite hostname="DESKTOP-UA31QE0" failures="0" tests="8" name="testcases.UserTests" time="2.720" errors="0" timestamp="2025-04-05T17:02:46 EET" skipped="0">
  <testcase classname="testcases.UserTests" name="testUpdateUser" time="0.229"/>
  <testcase classname="testcases.UserTests" name="testGetUsersSortedAsc" time="0.321"/>
  <testcase classname="testcases.UserTests" name="testCreateUser" time="0.505"/>
  <testcase classname="testcases.UserTests" name="testGetAllUsers" time="0.333"/>
  <testcase classname="testcases.UserTests" name="testGetUsersSorted" time="0.354"/>
  <testcase classname="testcases.UserTests" name="testDeleteUser" time="0.336"/>
  <testcase classname="testcases.UserTests" name="testGetUserById" time="0.315"/>
  <testcase classname="testcases.UserTests" name="testGetUsersWithLimit" time="0.327"/>
</testsuite> <!-- testcases.UserTests -->
