<?xml version="1.0" encoding="UTF-8"?>
<!-- Generated by org.testng.reporters.JUnitReportReporter -->
<testsuite hostname="DESKTOP-UA31QE0" failures="0" tests="8" name="testcases.UserTests" time="7.151" errors="0" timestamp="2025-04-06T15:20:23 EET" skipped="0">
  <testcase classname="testcases.UserTests" name="testCreateUser" time="4.625"/>
  <testcase classname="testcases.UserTests" name="testUpdateUser" time="0.246"/>
  <testcase classname="testcases.UserTests" name="testGetUsersSorted" time="0.524"/>
  <testcase classname="testcases.UserTests" name="testGetUsersWithLimit" time="0.340"/>
  <testcase classname="testcases.UserTests" name="testGetUsersSortedAsc" time="0.338"/>
  <testcase classname="testcases.UserTests" name="testDeleteUser" time="0.361"/>
  <testcase classname="testcases.UserTests" name="testGetAllUsers" time="0.392"/>
  <testcase classname="testcases.UserTests" name="testGetUserById" time="0.325"/>
</testsuite> <!-- testcases.UserTests -->
