<?xml version="1.0" encoding="UTF-8"?>
<!-- Generated by org.testng.reporters.JUnitReportReporter -->
<testsuite hostname="DESKTOP-UA31QE0" failures="0" tests="1" name="testcases.SchemaTests" time="3.533" errors="0" timestamp="2025-04-06T15:37:04 EET" skipped="0">
  <testcase classname="testcases.SchemaTests" name="testProductSchema" time="3.533"/>
</testsuite> <!-- testcases.SchemaTests -->
