<?xml version="1.0" encoding="UTF-8"?>
<!-- Generated by org.testng.reporters.JUnitReportReporter -->
<testsuite hostname="DESKTOP-UA31QE0" failures="0" tests="1" name="testcases.CartTests" time="2.884" errors="0" timestamp="2025-04-06T13:45:59 EET" skipped="0">
  <testcase classname="testcases.CartTests" name="testUpdateCart" time="2.884"/>
</testsuite> <!-- testcases.CartTests -->
