<?xml version="1.0" encoding="UTF-8"?>
<!-- Generated by org.testng.reporters.JUnitReportReporter -->
<testsuite hostname="DESKTOP-UA31QE0" failures="0" tests="8" name="testcases.UserTests" time="7.549" errors="0" timestamp="2025-04-05T17:05:22 EET" skipped="0">
  <testcase classname="testcases.UserTests" name="testGetUserById" time="0.315"/>
  <testcase classname="testcases.UserTests" name="testGetUsersSortedAsc" time="0.343"/>
  <testcase classname="testcases.UserTests" name="testDeleteUser" time="0.404"/>
  <testcase classname="testcases.UserTests" name="testGetAllUsers" time="0.391"/>
  <testcase classname="testcases.UserTests" name="testGetUsersWithLimit" time="0.366"/>
  <testcase classname="testcases.UserTests" name="testCreateUser" time="4.821"/>
  <testcase classname="testcases.UserTests" name="testGetUsersSorted" time="0.553"/>
  <testcase classname="testcases.UserTests" name="testUpdateUser" time="0.356"/>
</testsuite> <!-- testcases.UserTests -->
