<?xml version="1.0" encoding="UTF-8"?>
<!-- Generated by org.testng.reporters.JUnitReportReporter -->
<testsuite hostname="DESKTOP-UA31QE0" failures="0" tests="1" name="testcases.LoginTests" time="3.416" errors="0" timestamp="2025-04-06T14:56:54 EET" skipped="0">
  <testcase classname="testcases.LoginTests" name="testInvalidUserLogin" time="3.416"/>
</testsuite> <!-- testcases.LoginTests -->
