<?xml version="1.0" encoding="UTF-8"?>
<!-- Generated by org.testng.reporters.JUnitReportReporter -->
<testsuite hostname="DESKTOP-UA31QE0" failures="0" tests="10" name="testcases.ProductTests" time="6.482" errors="0" timestamp="2025-04-04T21:19:08 EET" skipped="0">
  <testcase classname="testcases.ProductTests" name="testUpdateProduct" time="0.241"/>
  <testcase classname="testcases.ProductTests" name="testGetLimitedProducts" time="0.327"/>
  <testcase classname="testcases.ProductTests" name="testGetSingleProductById" time="0.244"/>
  <testcase classname="testcases.ProductTests" name="testGetAllProducts" time="0.367"/>
  <testcase classname="testcases.ProductTests" name="testGetSortedProducts" time="0.256"/>
  <testcase classname="testcases.ProductTests" name="testGetSortedProductsAsc" time="0.256"/>
  <testcase classname="testcases.ProductTests" name="testAddNewProduct" time="3.620"/>
  <testcase classname="testcases.ProductTests" name="testGetProductsByCategory" time="0.464"/>
  <testcase classname="testcases.ProductTests" name="testGetAllCategories" time="0.296"/>
  <testcase classname="testcases.ProductTests" name="testDeleteProduct" time="0.411"/>
</testsuite> <!-- testcases.ProductTests -->
