<?xml version="1.0" encoding="UTF-8"?>
<!-- Generated by org.testng.reporters.JUnitReportReporter -->
<testsuite hostname="DESKTOP-UA31QE0" failures="0" tests="1" name="testcases.ProductTests" time="4.387" errors="0" timestamp="2025-04-04T14:41:40 EET" skipped="0">
  <testcase classname="testcases.ProductTests" name="testGetProductsByCategory" time="4.387"/>
</testsuite> <!-- testcases.ProductTests -->
