<?xml version="1.0" encoding="UTF-8"?>
<!-- Generated by org.testng.reporters.JUnitReportReporter -->
<testsuite hostname="DESKTOP-UA31QE0" failures="0" tests="1" name="testcases.CartTests" time="3.560" errors="0" timestamp="2025-04-05T20:18:18 EET" skipped="0">
  <testcase classname="testcases.CartTests" name="testGetCartById" time="3.560"/>
</testsuite> <!-- testcases.CartTests -->
