<?xml version="1.0" encoding="UTF-8"?>
<!-- Generated by org.testng.reporters.JUnitReportReporter -->
<testsuite hostname="DESKTOP-UA31QE0" failures="0" tests="3" name="testcases.SchemaTests" time="3.387" errors="0" timestamp="2025-04-06T16:06:09 EET" skipped="0">
  <testcase classname="testcases.SchemaTests" name="testCartSchema" time="2.767"/>
  <testcase classname="testcases.SchemaTests" name="testProductSchema" time="0.236"/>
  <testcase classname="testcases.SchemaTests" name="testUserSchema" time="0.384"/>
</testsuite> <!-- testcases.SchemaTests -->
