<?xml version="1.0" encoding="UTF-8"?>
<!-- Generated by org.testng.reporters.JUnitReportReporter -->
<testsuite hostname="DESKTOP-UA31QE0" failures="0" tests="10" name="testcases.ProductTests" time="6.285" errors="0" timestamp="2025-04-05T17:02:46 EET" skipped="0">
  <testcase classname="testcases.ProductTests" name="testGetLimitedProducts" time="0.288"/>
  <testcase classname="testcases.ProductTests" name="testGetSingleProductById" time="0.226"/>
  <testcase classname="testcases.ProductTests" name="testUpdateProduct" time="0.349"/>
  <testcase classname="testcases.ProductTests" name="testGetSortedProductsAsc" time="0.250"/>
  <testcase classname="testcases.ProductTests" name="testAddNewProduct" time="3.185"/>
  <testcase classname="testcases.ProductTests" name="testGetSortedProducts" time="0.311"/>
  <testcase classname="testcases.ProductTests" name="testGetProductsByCategory" time="0.419"/>
  <testcase classname="testcases.ProductTests" name="testGetAllProducts" time="0.389"/>
  <testcase classname="testcases.ProductTests" name="testGetAllCategories" time="0.394"/>
  <testcase classname="testcases.ProductTests" name="testDeleteProduct" time="0.474"/>
</testsuite> <!-- testcases.ProductTests -->
