<?xml version="1.0" encoding="UTF-8"?>
<!-- Generated by org.testng.reporters.JUnitReportReporter -->
<testsuite hostname="DESKTOP-UA31QE0" failures="0" tests="1" name="testcases.CartTests" time="4.511" errors="0" timestamp="2025-04-06T13:41:12 EET" skipped="0">
  <testcase classname="testcases.CartTests" name="testCreateCart" time="4.511"/>
</testsuite> <!-- testcases.CartTests -->
