<?xml version="1.0" encoding="UTF-8"?>
<!-- Generated by org.testng.reporters.JUnitReportReporter -->
<testsuite hostname="DESKTOP-UA31QE0" failures="0" tests="1" name="testcases.UserTests" time="3.233" errors="0" timestamp="2025-04-05T16:57:32 EET" skipped="0">
  <testcase classname="testcases.UserTests" name="testDeleteUser" time="3.233"/>
</testsuite> <!-- testcases.UserTests -->
