<?xml version="1.0" encoding="UTF-8"?>
<!-- Generated by org.testng.reporters.JUnitReportReporter -->
<testsuite hostname="DESKTOP-UA31QE0" failures="0" tests="2" name="testcases.UserTests" time="4.816" errors="0" timestamp="2025-04-05T16:36:24 EET" skipped="0">
  <testcase classname="testcases.UserTests" name="testGetUsersSorted" time="4.454"/>
  <testcase classname="testcases.UserTests" name="testGetUsersSortedAsc" time="0.362"/>
</testsuite> <!-- testcases.UserTests -->
