<?xml version="1.0" encoding="UTF-8"?>
<!-- Generated by org.testng.reporters.JUnitReportReporter -->
<testsuite hostname="DESKTOP-UA31QE0" failures="0" tests="1" name="testcases.ProductTests" time="3.714" errors="0" timestamp="2025-04-04T15:11:04 EET" skipped="0">
  <testcase classname="testcases.ProductTests" name="testUpdateProduct" time="3.714"/>
</testsuite> <!-- testcases.ProductTests -->
