<?xml version="1.0" encoding="UTF-8"?>
<!-- Generated by org.testng.reporters.JUnitReportReporter -->
<testsuite hostname="DESKTOP-UA31QE0" failures="0" tests="1" name="testcases.UserTests" time="4.021" errors="0" timestamp="2025-04-05T16:26:31 EET" skipped="0">
  <testcase classname="testcases.UserTests" name="testGetUsersWithLimit" time="4.021"/>
</testsuite> <!-- testcases.UserTests -->
