<?xml version="1.0" encoding="UTF-8"?>
<!-- Generated by org.testng.reporters.JUnitReportReporter -->
<testsuite hostname="DESKTOP-UA31QE0" failures="0" tests="10" name="testcases.ProductTests" time="5.536" errors="0" timestamp="2025-04-04T20:49:38 EET" skipped="0">
  <testcase classname="testcases.ProductTests" name="testUpdateProduct" time="0.227"/>
  <testcase classname="testcases.ProductTests" name="testGetSingleProductById" time="0.218"/>
  <testcase classname="testcases.ProductTests" name="testAddNewProduct" time="3.123"/>
  <testcase classname="testcases.ProductTests" name="testGetLimitedProducts" time="0.234"/>
  <testcase classname="testcases.ProductTests" name="testGetSortedProducts" time="0.241"/>
  <testcase classname="testcases.ProductTests" name="testGetSortedProductsAsc" time="0.241"/>
  <testcase classname="testcases.ProductTests" name="testDeleteProduct" time="0.368"/>
  <testcase classname="testcases.ProductTests" name="testGetAllCategories" time="0.258"/>
  <testcase classname="testcases.ProductTests" name="testGetAllProducts" time="0.256"/>
  <testcase classname="testcases.ProductTests" name="testGetProductsByCategory" time="0.370"/>
</testsuite> <!-- testcases.ProductTests -->
